
7월 30, 2025 09:12:45.799 NEW SESSION
7월 30, 2025 09:12:45.799 WARNING: All log messages before absl::InitializeLog() is called are written to STDERR
7월 30, 2025 09:12:45.800 I0000 00:00:1753834365.798308    8656 voice_transcription.cc:58] Registering VoiceTranscriptionCapability
7월 30, 2025 09:12:45.854 [12904:22460:0730/091245.854:ERROR:google_apis\gcm\engine\registration_request.cc:291] Registration response error message: DEPRECATED_ENDPOINT
7월 30, 2025 09:12:45.938 Created TensorFlow Lite XNNPACK delegate for CPU.
7월 30, 2025 09:13:11.318 [12904:22460:0730/091311.317:ERROR:google_apis\gcm\engine\registration_request.cc:291] Registration response error message: DEPRECATED_ENDPOINT
7월 30, 2025 09:14:06.656 [12904:22460:0730/091406.655:ERROR:google_apis\gcm\engine\registration_request.cc:291] Registration response error message: DEPRECATED_ENDPOINT
7월 30, 2025 09:15:58.618 [12904:22460:0730/091558.618:ERROR:google_apis\gcm\engine\registration_request.cc:291] Registration response error message: DEPRECATED_ENDPOINT
7월 30, 2025 09:19:23.448 [12904:22460:0730/091923.447:ERROR:google_apis\gcm\engine\registration_request.cc:291] Registration response error message: DEPRECATED_ENDPOINT
7월 30, 2025 09:24:56.497 [12904:22460:0730/092456.496:ERROR:google_apis\gcm\engine\registration_request.cc:291] Registration response error message: DEPRECATED_ENDPOINT
7월 30, 2025 09:50:35.854 [12904:10484:0730/095035.854:ERROR:mojo\public\cpp\bindings\lib\interface_endpoint_client.cc:732] Message 1 rejected by interface blink.mojom.WidgetHost
7월 30, 2025 10:04:59.216 [12904:10484:0730/100459.216:ERROR:mojo\public\cpp\bindings\lib\interface_endpoint_client.cc:732] Message 1 rejected by interface blink.mojom.WidgetHost
7월 30, 2025 10:56:51.664 [12904:10484:0730/105651.664:ERROR:mojo\public\cpp\bindings\lib\interface_endpoint_client.cc:732] Message 1 rejected by interface blink.mojom.WidgetHost
7월 30, 2025 11:38:23.141 [12904:22460:0730/113823.140:ERROR:google_apis\gcm\engine\connection_factory_impl.cc:483] ConnectionHandler failed with net error: -2
7월 30, 2025 11:55:57.91 [12904:10484:0730/115557.091:ERROR:mojo\public\cpp\bindings\lib\interface_endpoint_client.cc:732] Message 1 rejected by interface blink.mojom.WidgetHost
7월 30, 2025 11:57:39.463 [12904:10484:0730/115739.463:ERROR:mojo\public\cpp\bindings\lib\interface_endpoint_client.cc:732] Message 1 rejected by interface blink.mojom.WidgetHost
7월 30, 2025 13:46:50.455 [12904:10484:0730/134650.455:ERROR:mojo\public\cpp\bindings\lib\interface_endpoint_client.cc:732] Message 1 rejected by interface blink.mojom.WidgetHost
7월 30, 2025 13:53:29.270 [12904:10484:0730/135329.270:ERROR:mojo\public\cpp\bindings\lib\interface_endpoint_client.cc:732] Message 1 rejected by interface blink.mojom.WidgetHost
7월 30, 2025 13:54:45.00 [12904:10484:0730/135445.000:ERROR:mojo\public\cpp\bindings\lib\interface_endpoint_client.cc:732] Message 1 rejected by interface blink.mojom.WidgetHost
7월 30, 2025 13:56:45.815 [12904:10484:0730/135645.814:ERROR:mojo\public\cpp\bindings\lib\interface_endpoint_client.cc:732] Message 1 rejected by interface blink.mojom.WidgetHost
7월 30, 2025 14:10:07.479 WARNING: All log messages before absl::InitializeLog() is called are written to STDERR
7월 30, 2025 14:10:07.479 I0000 00:00:1753852207.480077   21084 voice_transcription.cc:58] Registering VoiceTranscriptionCapability
7월 30, 2025 14:10:07.632 [14288:21220:0730/141007.632:ERROR:google_apis\gcm\engine\registration_request.cc:291] Registration response error message: DEPRECATED_ENDPOINT
7월 30, 2025 14:10:07.639 Created TensorFlow Lite XNNPACK delegate for CPU.
7월 30, 2025 14:10:32.809 [14288:21220:0730/141032.809:ERROR:google_apis\gcm\engine\registration_request.cc:291] Registration response error message: DEPRECATED_ENDPOINT
7월 30, 2025 14:11:24.223 [14288:21220:0730/141124.223:ERROR:google_apis\gcm\engine\registration_request.cc:291] Registration response error message: DEPRECATED_ENDPOINT
7월 30, 2025 14:12:37.567 [14288:6440:0730/141237.565:ERROR:mojo\public\cpp\bindings\lib\interface_endpoint_client.cc:732] Message 1 rejected by interface blink.mojom.WidgetHost
7월 30, 2025 14:12:55.425 [14288:21220:0730/141255.425:ERROR:google_apis\gcm\engine\registration_request.cc:291] Registration response error message: DEPRECATED_ENDPOINT
7월 30, 2025 14:13:05.325 [14288:6440:0730/141305.325:ERROR:mojo\public\cpp\bindings\lib\interface_endpoint_client.cc:732] Message 1 rejected by interface blink.mojom.WidgetHost
7월 30, 2025 14:16:23.227 [14288:21220:0730/141623.226:ERROR:google_apis\gcm\engine\registration_request.cc:291] Registration response error message: DEPRECATED_ENDPOINT
7월 30, 2025 14:23:12.675 [14288:21220:0730/142312.674:ERROR:google_apis\gcm\engine\registration_request.cc:291] Registration response error message: DEPRECATED_ENDPOINT
7월 30, 2025 14:24:47.353 [14288:6440:0730/142447.353:ERROR:mojo\public\cpp\bindings\lib\interface_endpoint_client.cc:732] Message 1 rejected by interface blink.mojom.WidgetHost
7월 30, 2025 14:25:14.163 [14288:6440:0730/142514.163:ERROR:mojo\public\cpp\bindings\lib\interface_endpoint_client.cc:732] Message 1 rejected by interface blink.mojom.WidgetHost
7월 30, 2025 14:45:58.618 [14288:6440:0730/144558.615:ERROR:mojo\public\cpp\bindings\lib\interface_endpoint_client.cc:732] Message 1 rejected by interface blink.mojom.WidgetHost
7월 30, 2025 14:51:25.908 [14288:6440:0730/145125.908:ERROR:mojo\public\cpp\bindings\lib\interface_endpoint_client.cc:732] Message 1 rejected by interface blink.mojom.WidgetHost
7월 30, 2025 16:35:39.993 [14288:21220:0730/163539.991:ERROR:google_apis\gcm\engine\connection_factory_impl.cc:483] ConnectionHandler failed with net error: -2
